2025-02-03 00:02:01 [ERROR]: Error: Cannot set headers after they are sent to the client
    at ServerResponse.setHeader (node:_http_outgoing:699:11)
    at ServerResponse.header (/home/shaharulsiyam/Desktop/project/backend/procure_backend/node_modules/express/lib/response.js:794:10)
    at ServerResponse.send (/home/shaharulsiyam/Desktop/project/backend/procure_backend/node_modules/express/lib/response.js:174:12)
    at ServerResponse.json (/home/shaharulsiyam/Desktop/project/backend/procure_backend/node_modules/express/lib/response.js:278:15)
    at ServerResponse.send (/home/shaharulsiyam/Desktop/project/backend/procure_backend/node_modules/express/lib/response.js:162:21)
    at handleDevError (/home/shaharulsiyam/Desktop/project/backend/procure_backend/src/utils/globalErrorHandler.ts:17:34)
    at globalErrorHandler (/home/shaharulsiyam/Desktop/project/backend/procure_backend/src/utils/globalErrorHandler.ts:105:9)
    at /home/shaharulsiyam/Desktop/project/backend/procure_backend/src/middleware/asyncWrapper.ts:7:31
    at processTicksAndRejections (node:internal/process/task_queues:105:5)
2025-02-03 00:04:02 [ERROR]: Error: Cannot set headers after they are sent to the client
    at ServerResponse.setHeader (node:_http_outgoing:699:11)
    at ServerResponse.header (/home/shaharulsiyam/Desktop/project/backend/procure_backend/node_modules/express/lib/response.js:794:10)
    at ServerResponse.send (/home/shaharulsiyam/Desktop/project/backend/procure_backend/node_modules/express/lib/response.js:174:12)
    at ServerResponse.json (/home/shaharulsiyam/Desktop/project/backend/procure_backend/node_modules/express/lib/response.js:278:15)
    at ServerResponse.send (/home/shaharulsiyam/Desktop/project/backend/procure_backend/node_modules/express/lib/response.js:162:21)
    at handleDevError (/home/shaharulsiyam/Desktop/project/backend/procure_backend/src/utils/globalErrorHandler.ts:17:34)
    at globalErrorHandler (/home/shaharulsiyam/Desktop/project/backend/procure_backend/src/utils/globalErrorHandler.ts:105:9)
    at /home/shaharulsiyam/Desktop/project/backend/procure_backend/src/middleware/asyncWrapper.ts:7:31
    at processTicksAndRejections (node:internal/process/task_queues:105:5)
2025-02-03 00:05:18 [ERROR]: Error: Cannot set headers after they are sent to the client
    at ServerResponse.setHeader (node:_http_outgoing:699:11)
    at ServerResponse.header (/home/shaharulsiyam/Desktop/project/backend/procure_backend/node_modules/express/lib/response.js:794:10)
    at ServerResponse.send (/home/shaharulsiyam/Desktop/project/backend/procure_backend/node_modules/express/lib/response.js:174:12)
    at ServerResponse.json (/home/shaharulsiyam/Desktop/project/backend/procure_backend/node_modules/express/lib/response.js:278:15)
    at ServerResponse.send (/home/shaharulsiyam/Desktop/project/backend/procure_backend/node_modules/express/lib/response.js:162:21)
    at handleDevError (/home/shaharulsiyam/Desktop/project/backend/procure_backend/src/utils/globalErrorHandler.ts:17:34)
    at globalErrorHandler (/home/shaharulsiyam/Desktop/project/backend/procure_backend/src/utils/globalErrorHandler.ts:105:9)
    at /home/shaharulsiyam/Desktop/project/backend/procure_backend/src/middleware/asyncWrapper.ts:7:31
    at processTicksAndRejections (node:internal/process/task_queues:105:5)
2025-02-03 02:12:44 [ERROR]: Error: Cannot set headers after they are sent to the client
    at ServerResponse.setHeader (node:_http_outgoing:699:11)
    at ServerResponse.header (/home/shaharulsiyam/Desktop/project/backend/procure_backend/node_modules/express/lib/response.js:794:10)
    at ServerResponse.send (/home/shaharulsiyam/Desktop/project/backend/procure_backend/node_modules/express/lib/response.js:174:12)
    at ServerResponse.json (/home/shaharulsiyam/Desktop/project/backend/procure_backend/node_modules/express/lib/response.js:278:15)
    at ServerResponse.send (/home/shaharulsiyam/Desktop/project/backend/procure_backend/node_modules/express/lib/response.js:162:21)
    at handleDevError (/home/shaharulsiyam/Desktop/project/backend/procure_backend/src/utils/globalErrorHandler.ts:17:34)
    at globalErrorHandler (/home/shaharulsiyam/Desktop/project/backend/procure_backend/src/utils/globalErrorHandler.ts:105:9)
    at /home/shaharulsiyam/Desktop/project/backend/procure_backend/src/middleware/asyncWrapper.ts:7:31
    at processTicksAndRejections (node:internal/process/task_queues:105:5)
2025-02-03 02:26:40 [ERROR]: Error: Cannot set headers after they are sent to the client
    at ServerResponse.setHeader (node:_http_outgoing:699:11)
    at ServerResponse.header (/home/shaharulsiyam/Desktop/project/backend/procure_backend/node_modules/express/lib/response.js:794:10)
    at ServerResponse.send (/home/shaharulsiyam/Desktop/project/backend/procure_backend/node_modules/express/lib/response.js:174:12)
    at ServerResponse.json (/home/shaharulsiyam/Desktop/project/backend/procure_backend/node_modules/express/lib/response.js:278:15)
    at ServerResponse.send (/home/shaharulsiyam/Desktop/project/backend/procure_backend/node_modules/express/lib/response.js:162:21)
    at handleDevError (/home/shaharulsiyam/Desktop/project/backend/procure_backend/src/utils/globalErrorHandler.ts:17:34)
    at globalErrorHandler (/home/shaharulsiyam/Desktop/project/backend/procure_backend/src/utils/globalErrorHandler.ts:105:9)
    at /home/shaharulsiyam/Desktop/project/backend/procure_backend/src/middleware/asyncWrapper.ts:7:31
    at processTicksAndRejections (node:internal/process/task_queues:105:5)
2025-02-03 02:31:48 [ERROR]: Error: Cannot set headers after they are sent to the client
    at ServerResponse.setHeader (node:_http_outgoing:699:11)
    at ServerResponse.header (/home/shaharulsiyam/Desktop/project/backend/procure_backend/node_modules/express/lib/response.js:794:10)
    at ServerResponse.send (/home/shaharulsiyam/Desktop/project/backend/procure_backend/node_modules/express/lib/response.js:174:12)
    at ServerResponse.json (/home/shaharulsiyam/Desktop/project/backend/procure_backend/node_modules/express/lib/response.js:278:15)
    at ServerResponse.send (/home/shaharulsiyam/Desktop/project/backend/procure_backend/node_modules/express/lib/response.js:162:21)
    at handleDevError (/home/shaharulsiyam/Desktop/project/backend/procure_backend/src/utils/globalErrorHandler.ts:17:34)
    at globalErrorHandler (/home/shaharulsiyam/Desktop/project/backend/procure_backend/src/utils/globalErrorHandler.ts:105:9)
    at /home/shaharulsiyam/Desktop/project/backend/procure_backend/src/middleware/asyncWrapper.ts:7:31
    at processTicksAndRejections (node:internal/process/task_queues:105:5)
2025-02-03 02:33:18 [ERROR]: TypeError: Cannot read properties of undefined (reading 'statusCode')
    at globalErrorHandler (/home/shaharulsiyam/Desktop/project/backend/procure_backend/src/utils/globalErrorHandler.ts:98:30)
    at /home/shaharulsiyam/Desktop/project/backend/procure_backend/src/middleware/asyncWrapper.ts:7:31
    at processTicksAndRejections (node:internal/process/task_queues:105:5)
2025-02-06 00:08:58 [ERROR]: Error: Cannot set headers after they are sent to the client
    at ServerResponse.setHeader (node:_http_outgoing:699:11)
    at ServerResponse.header (/home/shaharulsiyam/Desktop/project/backend/event_backend/node_modules/express/lib/response.js:794:10)
    at ServerResponse.send (/home/shaharulsiyam/Desktop/project/backend/event_backend/node_modules/express/lib/response.js:174:12)
    at ServerResponse.json (/home/shaharulsiyam/Desktop/project/backend/event_backend/node_modules/express/lib/response.js:278:15)
    at ServerResponse.send (/home/shaharulsiyam/Desktop/project/backend/event_backend/node_modules/express/lib/response.js:162:21)
    at handleDevError (/home/shaharulsiyam/Desktop/project/backend/event_backend/src/utils/globalErrorHandler.ts:17:34)
    at globalErrorHandler (/home/shaharulsiyam/Desktop/project/backend/event_backend/src/utils/globalErrorHandler.ts:105:9)
    at /home/shaharulsiyam/Desktop/project/backend/event_backend/src/middleware/asyncWrapper.ts:7:31
    at processTicksAndRejections (node:internal/process/task_queues:105:5)
2025-03-05 21:44:35 [ERROR]: Error: Cannot set headers after they are sent to the client
    at ServerResponse.setHeader (node:_http_outgoing:699:11)
    at ServerResponse.header (/home/shaharulsiyam/Desktop/project/backend/navid_backend/node_modules/express/lib/response.js:794:10)
    at ServerResponse.send (/home/shaharulsiyam/Desktop/project/backend/navid_backend/node_modules/express/lib/response.js:174:12)
    at ServerResponse.json (/home/shaharulsiyam/Desktop/project/backend/navid_backend/node_modules/express/lib/response.js:278:15)
    at ServerResponse.send (/home/shaharulsiyam/Desktop/project/backend/navid_backend/node_modules/express/lib/response.js:162:21)
    at handleDevError (/home/shaharulsiyam/Desktop/project/backend/navid_backend/src/utils/globalErrorHandler.ts:17:34)
    at globalErrorHandler (/home/shaharulsiyam/Desktop/project/backend/navid_backend/src/utils/globalErrorHandler.ts:105:9)
    at /home/shaharulsiyam/Desktop/project/backend/navid_backend/src/middleware/asyncWrapper.ts:7:31
    at processTicksAndRejections (node:internal/process/task_queues:105:5)
2025-07-23 12:54:54 [ERROR]: MongoServerError: not primary and secondaryOk=false
    at Connection.sendCommand (D:\backend\navid_backend\node_modules\mongodb\src\cmap\connection.ts:545:17)
    at processTicksAndRejections (node:internal/process/task_queues:105:5)
    at Connection.command (D:\backend\navid_backend\node_modules\mongodb\src\cmap\connection.ts:617:22)
    at Server.command (D:\backend\navid_backend\node_modules\mongodb\src\sdam\server.ts:337:21)
    at FindOperation.execute (D:\backend\navid_backend\node_modules\mongodb\src\operations\find.ts:130:12)
    at tryOperation (D:\backend\navid_backend\node_modules\mongodb\src\operations\execute_operation.ts:278:14)
    at executeOperation (D:\backend\navid_backend\node_modules\mongodb\src\operations\execute_operation.ts:112:12)
    at FindCursor._initialize (D:\backend\navid_backend\node_modules\mongodb\src\cursor\find_cursor.ts:90:22)
    at FindCursor.cursorInit (D:\backend\navid_backend\node_modules\mongodb\src\cursor\abstract_cursor.ts:896:21)
    at FindCursor.fetchBatch (D:\backend\navid_backend\node_modules\mongodb\src\cursor\abstract_cursor.ts:934:7)
2025-07-29 12:44:17 [ERROR]: MongooseError: Operation `auths.findOne()` buffering timed out after 10000ms
    at Timeout.<anonymous> (D:\backend\navid_backend\node_modules\mongoose\lib\drivers\node-mongodb-native\collection.js:185:23)
    at listOnTimeout (node:internal/timers:608:17)
    at processTimers (node:internal/timers:543:7)
